{
  "0 debug pnpm:scope": {
    "selected": 1
  },
  "1 info pnpm": {
    "err": {
      "name": "Error",
      "message": "not found: intsall",
      "code": "ENOENT",
      "stack": "Error: not found: intsall\n    at getNotFoundError (/usr/local/pnpm-global/4/node_modules/.pnpm/pnpm@6.26.1/node_modules/pnpm/dist/pnpm.cjs:41491:51)\n    at Function.whichSync [as sync] (/usr/local/pnpm-global/4/node_modules/.pnpm/pnpm@6.26.1/node_modules/pnpm/dist/pnpm.cjs:41568:13)\n    at getCommandAbsolutePathSync (/usr/local/pnpm-global/4/node_modules/.pnpm/pnpm@6.26.1/node_modules/pnpm/dist/pnpm.cjs:43133:44)\n    at default_1 (/usr/local/pnpm-global/4/node_modules/.pnpm/pnpm@6.26.1/node_modules/pnpm/dist/pnpm.cjs:43142:32)\n    at /usr/local/pnpm-global/4/node_modules/.pnpm/pnpm@6.26.1/node_modules/pnpm/dist/pnpm.cjs:176198:39"
    }
  },
  "2 error pnpm": {
    "code": "ERR_PNPM_RECURSIVE_EXEC_FIRST_FAIL",
    "prefix": "/home/workspace/reactjs/coding-practices/appointmentsApp",
    "err": {
      "name": "pnpm",
      "message": "not found: intsall",
      "code": "ERR_PNPM_RECURSIVE_EXEC_FIRST_FAIL",
      "stack": "Error: not found: intsall\n    at getNotFoundError (/usr/local/pnpm-global/4/node_modules/.pnpm/pnpm@6.26.1/node_modules/pnpm/dist/pnpm.cjs:41491:51)\n    at Function.whichSync [as sync] (/usr/local/pnpm-global/4/node_modules/.pnpm/pnpm@6.26.1/node_modules/pnpm/dist/pnpm.cjs:41568:13)\n    at getCommandAbsolutePathSync (/usr/local/pnpm-global/4/node_modules/.pnpm/pnpm@6.26.1/node_modules/pnpm/dist/pnpm.cjs:43133:44)\n    at default_1 (/usr/local/pnpm-global/4/node_modules/.pnpm/pnpm@6.26.1/node_modules/pnpm/dist/pnpm.cjs:43142:32)\n    at /usr/local/pnpm-global/4/node_modules/.pnpm/pnpm@6.26.1/node_modules/pnpm/dist/pnpm.cjs:176198:39"
    }
  }
}